<?xml version="1.0" encoding="UTF-8"?>
<!-- Generated by org.testng.reporters.JUnitReportReporter -->
<testsuite hostname="CDC2-D-6SG8H92" name="proj3.NewTest" tests="1" failures="0" timestamp="24 Jul 2019 10:31:57 GMT" time="32.587" errors="0">
  <testcase name="f" time="32.587" classname="proj3.NewTest"/>
</testsuite> <!-- proj3.NewTest -->
